<?xml version="1.0" encoding="UTF-8"?>
<testng-results skipped="0" failed="0" ignored="0" total="2" passed="2">
  <reporter-output>
  </reporter-output>
  <suite name="ZainsTest" duration-ms="3811" started-at="2018-09-23T21:28:38 UTC" finished-at="2018-09-23T21:28:42 UTC">
    <groups>
    </groups>
    <test name="Command line test" duration-ms="3811" started-at="2018-09-23T21:28:38 UTC" finished-at="2018-09-23T21:28:42 UTC">
      <class name="ZainsTest">
        <test-method status="PASS" signature="workingTest()[pri:0, instance:ZainsTest@604ed9f0]" name="workingTest" duration-ms="29" started-at="2018-09-23T21:28:38 UTC" finished-at="2018-09-23T21:28:38 UTC">
          <reporter-output>
          </reporter-output>
        </test-method> <!-- workingTest -->
        <test-method status="PASS" signature="zainsTest1()[pri:0, instance:ZainsTest@604ed9f0]" name="zainsTest1" duration-ms="3672" started-at="2018-09-23T21:28:38 UTC" finished-at="2018-09-23T21:28:42 UTC">
          <reporter-output>
          </reporter-output>
        </test-method> <!-- zainsTest1 -->
      </class> <!-- ZainsTest -->
    </test> <!-- Command line test -->
  </suite> <!-- ZainsTest -->
</testng-results>
